Using pre-set license
Built from '2020.3/staging' branch; Version is '2020.3.26f1 (7298b473bc1a) revision 7510196'; Using compiler version '192528614'; Build Type 'Release'
OS: 'Windows 10  (10.0.19044) 64bit Core' Language: 'ru' Physical Memory: 18302 MB
BatchMode: 1, IsHumanControllingUs: 0, StartBugReporterOnCrash: 0, Is64bit: 1, IsPro: 0

COMMAND LINE ARGUMENTS:
D:\Unity\2020.3.26f1\Editor\Unity.exe
-adb2
-batchMode
-noUpm
-name
AssetImportWorker0
-projectPath
D:/Kraken/Homework
-logFile
Logs/AssetImportWorker0.log
-srvPort
56019
Successfully changed project path to: D:/Kraken/Homework
D:/Kraken/Homework
Using Asset Import Pipeline V2.
Refreshing native plugins compatible for Editor in 41.67 ms, found 2 plugins.
Preloading 0 native plugins for Editor in 0.00 ms.
Initialize engine version: 2020.3.26f1 (7298b473bc1a)
[Subsystems] Discovering subsystems at path D:/Unity/2020.3.26f1/Editor/Data/Resources/UnitySubsystems
[Subsystems] Discovering subsystems at path D:/Kraken/Homework/Assets
GfxDevice: creating device client; threaded=0
Direct3D:
    Version:  Direct3D 11.0 [level 11.1]
    Renderer: NVIDIA GeForce GTX 1050 Ti (ID=0x1c82)
    Vendor:   
    VRAM:     4019 MB
    Driver:   31.0.15.1694
Initialize mono
Mono path[0] = 'D:/Unity/2020.3.26f1/Editor/Data/Managed'
Mono path[1] = 'D:/Unity/2020.3.26f1/Editor/Data/MonoBleedingEdge/lib/mono/unityjit'
Mono config path = 'D:/Unity/2020.3.26f1/Editor/Data/MonoBleedingEdge/etc'
Using monoOptions --debugger-agent=transport=dt_socket,embedding=1,server=y,suspend=n,address=127.0.0.1:56564
Begin MonoManager ReloadAssembly
Registering precompiled unity dll's ...
Register platform support module: D:/Unity/2020.3.26f1/Editor/Data/PlaybackEngines/WindowsStandaloneSupport/UnityEditor.WindowsStandalone.Extensions.dll
Registered in 0.001078 seconds.
Native extension for WindowsStandalone target not found
Refreshing native plugins compatible for Editor in 37.19 ms, found 2 plugins.
Preloading 0 native plugins for Editor in 0.00 ms.
Mono: successfully reloaded assembly
- Completed reload, in  0.695 seconds
Domain Reload Profiling:
	ReloadAssembly (695ms)
		BeginReloadAssembly (68ms)
			ExecutionOrderSort (0ms)
			DisableScriptedObjects (0ms)
			BackupInstance (0ms)
			ReleaseScriptingObjects (0ms)
			CreateAndSetChildDomain (1ms)
		EndReloadAssembly (546ms)
			LoadAssemblies (67ms)
			RebuildTransferFunctionScriptingTraits (0ms)
			SetupTypeCache (190ms)
			ReleaseScriptCaches (0ms)
			RebuildScriptCaches (35ms)
			SetupLoadedEditorAssemblies (196ms)
				LogAssemblyErrors (0ms)
				InitializePlatformSupportModulesInManaged (4ms)
				SetLoadedEditorAssemblies (0ms)
				RefreshPlugins (37ms)
				BeforeProcessingInitializeOnLoad (20ms)
				ProcessInitializeOnLoadAttributes (98ms)
				ProcessInitializeOnLoadMethodAttributes (35ms)
				AfterProcessingInitializeOnLoad (0ms)
				EditorAssembliesLoaded (1ms)
			ExecutionOrderSort2 (0ms)
			AwakeInstancesAfterBackupRestoration (0ms)
Platform modules already initialized, skipping
Registering precompiled user dll's ...
Registered in 0.005315 seconds.
Begin MonoManager ReloadAssembly
Native extension for WindowsStandalone target not found
Refreshing native plugins compatible for Editor in 0.41 ms, found 2 plugins.
Preloading 0 native plugins for Editor in 0.00 ms.
Mono: successfully reloaded assembly
- Completed reload, in  1.213 seconds
Domain Reload Profiling:
	ReloadAssembly (1214ms)
		BeginReloadAssembly (177ms)
			ExecutionOrderSort (0ms)
			DisableScriptedObjects (5ms)
			BackupInstance (0ms)
			ReleaseScriptingObjects (0ms)
			CreateAndSetChildDomain (25ms)
		EndReloadAssembly (971ms)
			LoadAssemblies (113ms)
			RebuildTransferFunctionScriptingTraits (0ms)
			SetupTypeCache (370ms)
			ReleaseScriptCaches (1ms)
			RebuildScriptCaches (51ms)
			SetupLoadedEditorAssemblies (342ms)
				LogAssemblyErrors (0ms)
				InitializePlatformSupportModulesInManaged (5ms)
				SetLoadedEditorAssemblies (1ms)
				RefreshPlugins (0ms)
				BeforeProcessingInitializeOnLoad (88ms)
				ProcessInitializeOnLoadAttributes (233ms)
				ProcessInitializeOnLoadMethodAttributes (12ms)
				AfterProcessingInitializeOnLoad (2ms)
				EditorAssembliesLoaded (0ms)
			ExecutionOrderSort2 (0ms)
			AwakeInstancesAfterBackupRestoration (8ms)
Platform modules already initialized, skipping
========================================================================
Worker process is ready to serve import requests
Launched and connected shader compiler UnityShaderCompiler.exe after 0.05 seconds
Refreshing native plugins compatible for Editor in 0.44 ms, found 2 plugins.
Preloading 0 native plugins for Editor in 0.00 ms.
Unloading 1660 Unused Serialized files (Serialized files now loaded: 0)
System memory in use before: 75.5 MB.
System memory in use after: 75.6 MB.

Unloading 23 unused Assets to reduce memory usage. Loaded Objects now: 2089.
Total: 3.066900 ms (FindLiveObjects: 0.152800 ms CreateObjectMapping: 0.070500 ms MarkObjects: 2.769200 ms  DeleteObjects: 0.072900 ms)

AssetImportParameters requested are different than current active one (requested -> active):
  custom:framework-win-MediaFoundation: 216162199b28c13a410421893ffa2e32 -> 
  custom:video-decoder-ogg-theora: a1e56fd34408186e4bbccfd4996cb3dc -> 
  custom:container-muxer-webm: aa71ff27fc2769a1b78a27578f13a17b -> 
  custom:container-demuxer-webm: 4f35f7cbe854078d1ac9338744f61a02 -> 
  custom:container-demuxer-ogg: 62fdf1f143b41e24485cea50d1cbac27 -> 
  custom:video-encoder-webm-vp8: eb34c28f22e8b96e1ab97ce403110664 -> 
  custom:video-decoder-webm-vp8: 9c59270c3fd7afecdb556c50c9e8de78 -> 
  custom:audio-decoder-ogg-vorbis: bf7c407c2cedff20999df2af8eb42d56 -> 
  custom:audio-encoder-webm-vorbis: bf7c407c2cedff20999df2af8eb42d56 -> 
========================================================================
Received Import Request.
  path: Assets/Scripts/Level.prefab
  artifactKey: Guid(377066f2a6daa03458f5c14055fd3db4) Importer(815301076,1909f56bfc062723c751e8b465ee728b)
Start importing Assets/Scripts/Level.prefab using Guid(377066f2a6daa03458f5c14055fd3db4) Importer(815301076,1909f56bfc062723c751e8b465ee728b)  -> (artifact id: '7017eb54cd12d30a6e9854306421ff1f') in 0.115996 seconds 
  Import took 0.119740 seconds .

========================================================================
Received Import Request.
  Time since last request: 80.578569 seconds.
  path: Assets/Scenes
  artifactKey: Guid(5fed8fe84b2778d449827edebf6e855b) Importer(815301076,1909f56bfc062723c751e8b465ee728b)
Start importing Assets/Scenes using Guid(5fed8fe84b2778d449827edebf6e855b) Importer(815301076,1909f56bfc062723c751e8b465ee728b)  -> (artifact id: '6c28e9cbb421143b50dd07665a9ad8f0') in 0.002751 seconds 
  Import took 0.007789 seconds .

========================================================================
Received Import Request.
  Time since last request: 1.349336 seconds.
  path: Assets/Scripts
  artifactKey: Guid(942fa96d008b6584782b05bf279442d9) Importer(815301076,1909f56bfc062723c751e8b465ee728b)
Start importing Assets/Scripts using Guid(942fa96d008b6584782b05bf279442d9) Importer(815301076,1909f56bfc062723c751e8b465ee728b)  -> (artifact id: '82cf3919ffff783b471217b1e8367eb2') in 0.002791 seconds 
  Import took 0.006466 seconds .

========================================================================
Received Prepare
Registering precompiled user dll's ...
Registered in 0.005432 seconds.
Begin MonoManager ReloadAssembly
Native extension for WindowsStandalone target not found
Refreshing native plugins compatible for Editor in 0.65 ms, found 2 plugins.
Preloading 0 native plugins for Editor in 0.00 ms.
Mono: successfully reloaded assembly
- Completed reload, in  1.139 seconds
Domain Reload Profiling:
	ReloadAssembly (1139ms)
		BeginReloadAssembly (162ms)
			ExecutionOrderSort (0ms)
			DisableScriptedObjects (4ms)
			BackupInstance (0ms)
			ReleaseScriptingObjects (0ms)
			CreateAndSetChildDomain (56ms)
		EndReloadAssembly (910ms)
			LoadAssemblies (115ms)
			RebuildTransferFunctionScriptingTraits (0ms)
			SetupTypeCache (351ms)
			ReleaseScriptCaches (1ms)
			RebuildScriptCaches (41ms)
			SetupLoadedEditorAssemblies (316ms)
				LogAssemblyErrors (0ms)
				InitializePlatformSupportModulesInManaged (6ms)
				SetLoadedEditorAssemblies (1ms)
				RefreshPlugins (1ms)
				BeforeProcessingInitializeOnLoad (85ms)
				ProcessInitializeOnLoadAttributes (209ms)
				ProcessInitializeOnLoadMethodAttributes (13ms)
				AfterProcessingInitializeOnLoad (3ms)
				EditorAssembliesLoaded (0ms)
			ExecutionOrderSort2 (0ms)
			AwakeInstancesAfterBackupRestoration (9ms)
Platform modules already initialized, skipping
Refreshing native plugins compatible for Editor in 0.47 ms, found 2 plugins.
Preloading 0 native plugins for Editor in 0.00 ms.
Unloading 1641 Unused Serialized files (Serialized files now loaded: 0)
System memory in use before: 77.2 MB.
System memory in use after: 77.3 MB.

Unloading 18 unused Assets to reduce memory usage. Loaded Objects now: 2099.
Total: 3.949400 ms (FindLiveObjects: 0.437300 ms CreateObjectMapping: 0.502600 ms MarkObjects: 2.956700 ms  DeleteObjects: 0.052000 ms)

AssetImportParameters requested are different than current active one (requested -> active):
  custom:framework-win-MediaFoundation: 216162199b28c13a410421893ffa2e32 -> 
  custom:video-decoder-ogg-theora: a1e56fd34408186e4bbccfd4996cb3dc -> 
  custom:container-muxer-webm: aa71ff27fc2769a1b78a27578f13a17b -> 
  custom:container-demuxer-webm: 4f35f7cbe854078d1ac9338744f61a02 -> 
  custom:container-demuxer-ogg: 62fdf1f143b41e24485cea50d1cbac27 -> 
  custom:video-encoder-webm-vp8: eb34c28f22e8b96e1ab97ce403110664 -> 
  custom:video-decoder-webm-vp8: 9c59270c3fd7afecdb556c50c9e8de78 -> 
  custom:audio-decoder-ogg-vorbis: bf7c407c2cedff20999df2af8eb42d56 -> 
  custom:audio-encoder-webm-vorbis: bf7c407c2cedff20999df2af8eb42d56 -> 
========================================================================
Received Import Request.
  Time since last request: 226.618269 seconds.
  path: Assets/Scripts/Player.cs
  artifactKey: Guid(2c4db834c815d144f8fbe08b0c8531b7) Importer(815301076,1909f56bfc062723c751e8b465ee728b)
Start importing Assets/Scripts/Player.cs using Guid(2c4db834c815d144f8fbe08b0c8531b7) Importer(815301076,1909f56bfc062723c751e8b465ee728b)  -> (artifact id: 'a0b86052626492078cdbcbec9a11f2f2') in 0.022658 seconds 
  Import took 0.027164 seconds .

========================================================================
Received Prepare
Registering precompiled user dll's ...
Registered in 0.005697 seconds.
Begin MonoManager ReloadAssembly
Native extension for WindowsStandalone target not found
Refreshing native plugins compatible for Editor in 0.44 ms, found 2 plugins.
Preloading 0 native plugins for Editor in 0.00 ms.
Mono: successfully reloaded assembly
- Completed reload, in  1.123 seconds
Domain Reload Profiling:
	ReloadAssembly (1124ms)
		BeginReloadAssembly (125ms)
			ExecutionOrderSort (0ms)
			DisableScriptedObjects (6ms)
			BackupInstance (0ms)
			ReleaseScriptingObjects (0ms)
			CreateAndSetChildDomain (38ms)
		EndReloadAssembly (934ms)
			LoadAssemblies (110ms)
			RebuildTransferFunctionScriptingTraits (0ms)
			SetupTypeCache (340ms)
			ReleaseScriptCaches (1ms)
			RebuildScriptCaches (48ms)
			SetupLoadedEditorAssemblies (331ms)
				LogAssemblyErrors (0ms)
				InitializePlatformSupportModulesInManaged (5ms)
				SetLoadedEditorAssemblies (1ms)
				RefreshPlugins (1ms)
				BeforeProcessingInitializeOnLoad (79ms)
				ProcessInitializeOnLoadAttributes (230ms)
				ProcessInitializeOnLoadMethodAttributes (13ms)
				AfterProcessingInitializeOnLoad (2ms)
				EditorAssembliesLoaded (0ms)
			ExecutionOrderSort2 (0ms)
			AwakeInstancesAfterBackupRestoration (9ms)
Platform modules already initialized, skipping
Refreshing native plugins compatible for Editor in 0.43 ms, found 2 plugins.
Preloading 0 native plugins for Editor in 0.00 ms.
Unloading 1642 Unused Serialized files (Serialized files now loaded: 0)
System memory in use before: 77.2 MB.
System memory in use after: 77.3 MB.

Unloading 18 unused Assets to reduce memory usage. Loaded Objects now: 2102.
Total: 3.050900 ms (FindLiveObjects: 0.172700 ms CreateObjectMapping: 0.117400 ms MarkObjects: 2.709600 ms  DeleteObjects: 0.050100 ms)

AssetImportParameters requested are different than current active one (requested -> active):
  custom:framework-win-MediaFoundation: 216162199b28c13a410421893ffa2e32 -> 
  custom:video-decoder-ogg-theora: a1e56fd34408186e4bbccfd4996cb3dc -> 
  custom:container-muxer-webm: aa71ff27fc2769a1b78a27578f13a17b -> 
  custom:container-demuxer-webm: 4f35f7cbe854078d1ac9338744f61a02 -> 
  custom:container-demuxer-ogg: 62fdf1f143b41e24485cea50d1cbac27 -> 
  custom:video-encoder-webm-vp8: eb34c28f22e8b96e1ab97ce403110664 -> 
  custom:video-decoder-webm-vp8: 9c59270c3fd7afecdb556c50c9e8de78 -> 
  custom:audio-decoder-ogg-vorbis: bf7c407c2cedff20999df2af8eb42d56 -> 
  custom:audio-encoder-webm-vorbis: bf7c407c2cedff20999df2af8eb42d56 -> 
========================================================================
Received Import Request.
  Time since last request: 9.007165 seconds.
  path: Assets/Prefabs
  artifactKey: Guid(84fa314f079f7f94e948827562dbace6) Importer(815301076,1909f56bfc062723c751e8b465ee728b)
Start importing Assets/Prefabs using Guid(84fa314f079f7f94e948827562dbace6) Importer(815301076,1909f56bfc062723c751e8b465ee728b)  -> (artifact id: 'f67765c78c87864287229907c314ed51') in 0.006457 seconds 
  Import took 0.010202 seconds .

========================================================================
Received Import Request.
  Time since last request: 0.029095 seconds.
  path: Assets/Prefabs/Level.prefab
  artifactKey: Guid(377066f2a6daa03458f5c14055fd3db4) Importer(815301076,1909f56bfc062723c751e8b465ee728b)
Start importing Assets/Prefabs/Level.prefab using Guid(377066f2a6daa03458f5c14055fd3db4) Importer(815301076,1909f56bfc062723c751e8b465ee728b)  -> (artifact id: 'bf073918598d20257c4605628befcf4f') in 0.057543 seconds 
  Import took 0.060910 seconds .

========================================================================
Received Import Request.
  Time since last request: 1.979914 seconds.
  path: Assets/Prefabs/Player.prefab
  artifactKey: Guid(78a9a3f54635cc240997040c0c2d1aaf) Importer(815301076,1909f56bfc062723c751e8b465ee728b)
Start importing Assets/Prefabs/Player.prefab using Guid(78a9a3f54635cc240997040c0c2d1aaf) Importer(815301076,1909f56bfc062723c751e8b465ee728b)  -> (artifact id: 'e9bd7e549b91784e2c544b3fc6ab4265') in 0.010438 seconds 
  Import took 0.014222 seconds .

========================================================================
Received Prepare
Registering precompiled user dll's ...
Registered in 0.005179 seconds.
Begin MonoManager ReloadAssembly
Native extension for WindowsStandalone target not found
Refreshing native plugins compatible for Editor in 0.42 ms, found 2 plugins.
Preloading 0 native plugins for Editor in 0.00 ms.
Mono: successfully reloaded assembly
- Completed reload, in  1.132 seconds
Domain Reload Profiling:
	ReloadAssembly (1133ms)
		BeginReloadAssembly (121ms)
			ExecutionOrderSort (0ms)
			DisableScriptedObjects (5ms)
			BackupInstance (0ms)
			ReleaseScriptingObjects (0ms)
			CreateAndSetChildDomain (39ms)
		EndReloadAssembly (938ms)
			LoadAssemblies (121ms)
			RebuildTransferFunctionScriptingTraits (0ms)
			SetupTypeCache (350ms)
			ReleaseScriptCaches (1ms)
			RebuildScriptCaches (40ms)
			SetupLoadedEditorAssemblies (338ms)
				LogAssemblyErrors (0ms)
				InitializePlatformSupportModulesInManaged (4ms)
				SetLoadedEditorAssemblies (1ms)
				RefreshPlugins (0ms)
				BeforeProcessingInitializeOnLoad (84ms)
				ProcessInitializeOnLoadAttributes (233ms)
				ProcessInitializeOnLoadMethodAttributes (13ms)
				AfterProcessingInitializeOnLoad (2ms)
				EditorAssembliesLoaded (0ms)
			ExecutionOrderSort2 (0ms)
			AwakeInstancesAfterBackupRestoration (8ms)
Platform modules already initialized, skipping
Refreshing native plugins compatible for Editor in 0.74 ms, found 2 plugins.
Preloading 0 native plugins for Editor in 0.00 ms.
Unloading 1642 Unused Serialized files (Serialized files now loaded: 0)
System memory in use before: 77.3 MB.
System memory in use after: 77.4 MB.

Unloading 19 unused Assets to reduce memory usage. Loaded Objects now: 2106.
Total: 6.817000 ms (FindLiveObjects: 0.232000 ms CreateObjectMapping: 0.085700 ms MarkObjects: 6.462200 ms  DeleteObjects: 0.034800 ms)

AssetImportParameters requested are different than current active one (requested -> active):
  custom:framework-win-MediaFoundation: 216162199b28c13a410421893ffa2e32 -> 
  custom:video-decoder-ogg-theora: a1e56fd34408186e4bbccfd4996cb3dc -> 
  custom:container-muxer-webm: aa71ff27fc2769a1b78a27578f13a17b -> 
  custom:container-demuxer-webm: 4f35f7cbe854078d1ac9338744f61a02 -> 
  custom:container-demuxer-ogg: 62fdf1f143b41e24485cea50d1cbac27 -> 
  custom:video-encoder-webm-vp8: eb34c28f22e8b96e1ab97ce403110664 -> 
  custom:video-decoder-webm-vp8: 9c59270c3fd7afecdb556c50c9e8de78 -> 
  custom:audio-decoder-ogg-vorbis: bf7c407c2cedff20999df2af8eb42d56 -> 
  custom:audio-encoder-webm-vorbis: bf7c407c2cedff20999df2af8eb42d56 -> 
========================================================================
Received Import Request.
  Time since last request: 116.862818 seconds.
  path: Assets/Prefabs/Player.prefab
  artifactKey: Guid(78a9a3f54635cc240997040c0c2d1aaf) Importer(815301076,1909f56bfc062723c751e8b465ee728b)
Start importing Assets/Prefabs/Player.prefab using Guid(78a9a3f54635cc240997040c0c2d1aaf) Importer(815301076,1909f56bfc062723c751e8b465ee728b)  -> (artifact id: '59cdf124f615929ca4cf6b4e45b90baa') in 0.084638 seconds 
  Import took 0.090203 seconds .

========================================================================
Received Prepare
Registering precompiled user dll's ...
Registered in 0.005170 seconds.
Begin MonoManager ReloadAssembly
Native extension for WindowsStandalone target not found
Refreshing native plugins compatible for Editor in 0.42 ms, found 2 plugins.
Preloading 0 native plugins for Editor in 0.00 ms.
Mono: successfully reloaded assembly
- Completed reload, in  1.057 seconds
Domain Reload Profiling:
	ReloadAssembly (1058ms)
		BeginReloadAssembly (133ms)
			ExecutionOrderSort (0ms)
			DisableScriptedObjects (5ms)
			BackupInstance (0ms)
			ReleaseScriptingObjects (0ms)
			CreateAndSetChildDomain (41ms)
		EndReloadAssembly (859ms)
			LoadAssemblies (108ms)
			RebuildTransferFunctionScriptingTraits (0ms)
			SetupTypeCache (335ms)
			ReleaseScriptCaches (1ms)
			RebuildScriptCaches (39ms)
			SetupLoadedEditorAssemblies (290ms)
				LogAssemblyErrors (0ms)
				InitializePlatformSupportModulesInManaged (4ms)
				SetLoadedEditorAssemblies (1ms)
				RefreshPlugins (0ms)
				BeforeProcessingInitializeOnLoad (73ms)
				ProcessInitializeOnLoadAttributes (199ms)
				ProcessInitializeOnLoadMethodAttributes (10ms)
				AfterProcessingInitializeOnLoad (2ms)
				EditorAssembliesLoaded (0ms)
			ExecutionOrderSort2 (0ms)
			AwakeInstancesAfterBackupRestoration (7ms)
Platform modules already initialized, skipping
Refreshing native plugins compatible for Editor in 0.43 ms, found 2 plugins.
Preloading 0 native plugins for Editor in 0.00 ms.
Unloading 1642 Unused Serialized files (Serialized files now loaded: 0)
System memory in use before: 77.3 MB.
System memory in use after: 77.4 MB.

Unloading 19 unused Assets to reduce memory usage. Loaded Objects now: 2109.
Total: 2.781600 ms (FindLiveObjects: 0.146900 ms CreateObjectMapping: 0.065500 ms MarkObjects: 2.533200 ms  DeleteObjects: 0.035200 ms)

AssetImportParameters requested are different than current active one (requested -> active):
  custom:framework-win-MediaFoundation: 216162199b28c13a410421893ffa2e32 -> 
  custom:video-decoder-ogg-theora: a1e56fd34408186e4bbccfd4996cb3dc -> 
  custom:container-muxer-webm: aa71ff27fc2769a1b78a27578f13a17b -> 
  custom:container-demuxer-webm: 4f35f7cbe854078d1ac9338744f61a02 -> 
  custom:container-demuxer-ogg: 62fdf1f143b41e24485cea50d1cbac27 -> 
  custom:video-encoder-webm-vp8: eb34c28f22e8b96e1ab97ce403110664 -> 
  custom:video-decoder-webm-vp8: 9c59270c3fd7afecdb556c50c9e8de78 -> 
  custom:audio-decoder-ogg-vorbis: bf7c407c2cedff20999df2af8eb42d56 -> 
  custom:audio-encoder-webm-vorbis: bf7c407c2cedff20999df2af8eb42d56 -> 
========================================================================
Received Import Request.
  Time since last request: 8.058150 seconds.
  path: Assets/Prefabs/Player.prefab
  artifactKey: Guid(78a9a3f54635cc240997040c0c2d1aaf) Importer(815301076,1909f56bfc062723c751e8b465ee728b)
Start importing Assets/Prefabs/Player.prefab using Guid(78a9a3f54635cc240997040c0c2d1aaf) Importer(815301076,1909f56bfc062723c751e8b465ee728b)  -> (artifact id: '23fca1498b3aacdee23cad67d1f3777d') in 0.059204 seconds 
  Import took 0.062240 seconds .

========================================================================
Received Import Request.
  Time since last request: 18.872304 seconds.
  path: Assets/Prefabs/Player.prefab
  artifactKey: Guid(78a9a3f54635cc240997040c0c2d1aaf) Importer(815301076,1909f56bfc062723c751e8b465ee728b)
Start importing Assets/Prefabs/Player.prefab using Guid(78a9a3f54635cc240997040c0c2d1aaf) Importer(815301076,1909f56bfc062723c751e8b465ee728b)  -> (artifact id: '12a04e278905734aa03eb6dc57e43946') in 0.017770 seconds 
  Import took 0.022274 seconds .

========================================================================
Received Import Request.
  Time since last request: 32.575198 seconds.
  path: Assets/Prefabs/Player.prefab
  artifactKey: Guid(78a9a3f54635cc240997040c0c2d1aaf) Importer(815301076,1909f56bfc062723c751e8b465ee728b)
Start importing Assets/Prefabs/Player.prefab using Guid(78a9a3f54635cc240997040c0c2d1aaf) Importer(815301076,1909f56bfc062723c751e8b465ee728b)  -> (artifact id: 'bd297fc35fe32b3d4501eac490158ed0') in 0.008735 seconds 
  Import took 0.012882 seconds .

========================================================================
Received Import Request.
  Time since last request: 32.391574 seconds.
  path: Assets/Scripts/Character.cs
  artifactKey: Guid(2d6ceef837f33de409df1aa4f92323f8) Importer(815301076,1909f56bfc062723c751e8b465ee728b)
Start importing Assets/Scripts/Character.cs using Guid(2d6ceef837f33de409df1aa4f92323f8) Importer(815301076,1909f56bfc062723c751e8b465ee728b)  -> (artifact id: '1318caa5fa254238e659c13011a7e9aa') in 0.005135 seconds 
  Import took 0.010413 seconds .

========================================================================
Received Prepare
Registering precompiled user dll's ...
Registered in 0.009010 seconds.
Begin MonoManager ReloadAssembly
Native extension for WindowsStandalone target not found
Refreshing native plugins compatible for Editor in 0.43 ms, found 2 plugins.
Preloading 0 native plugins for Editor in 0.00 ms.
Mono: successfully reloaded assembly
- Completed reload, in  1.141 seconds
Domain Reload Profiling:
	ReloadAssembly (1141ms)
		BeginReloadAssembly (131ms)
			ExecutionOrderSort (0ms)
			DisableScriptedObjects (5ms)
			BackupInstance (0ms)
			ReleaseScriptingObjects (0ms)
			CreateAndSetChildDomain (43ms)
		EndReloadAssembly (937ms)
			LoadAssemblies (116ms)
			RebuildTransferFunctionScriptingTraits (0ms)
			SetupTypeCache (381ms)
			ReleaseScriptCaches (1ms)
			RebuildScriptCaches (41ms)
			SetupLoadedEditorAssemblies (308ms)
				LogAssemblyErrors (0ms)
				InitializePlatformSupportModulesInManaged (5ms)
				SetLoadedEditorAssemblies (1ms)
				RefreshPlugins (0ms)
				BeforeProcessingInitializeOnLoad (79ms)
				ProcessInitializeOnLoadAttributes (210ms)
				ProcessInitializeOnLoadMethodAttributes (11ms)
				AfterProcessingInitializeOnLoad (2ms)
				EditorAssembliesLoaded (0ms)
			ExecutionOrderSort2 (0ms)
			AwakeInstancesAfterBackupRestoration (7ms)
Platform modules already initialized, skipping
Refreshing native plugins compatible for Editor in 0.44 ms, found 2 plugins.
Preloading 0 native plugins for Editor in 0.00 ms.
Unloading 1643 Unused Serialized files (Serialized files now loaded: 0)
System memory in use before: 77.4 MB.
System memory in use after: 77.5 MB.

Unloading 19 unused Assets to reduce memory usage. Loaded Objects now: 2113.
Total: 4.055600 ms (FindLiveObjects: 0.181700 ms CreateObjectMapping: 0.147700 ms MarkObjects: 3.651400 ms  DeleteObjects: 0.073800 ms)

AssetImportParameters requested are different than current active one (requested -> active):
  custom:framework-win-MediaFoundation: 216162199b28c13a410421893ffa2e32 -> 
  custom:video-decoder-ogg-theora: a1e56fd34408186e4bbccfd4996cb3dc -> 
  custom:container-muxer-webm: aa71ff27fc2769a1b78a27578f13a17b -> 
  custom:container-demuxer-webm: 4f35f7cbe854078d1ac9338744f61a02 -> 
  custom:container-demuxer-ogg: 62fdf1f143b41e24485cea50d1cbac27 -> 
  custom:video-encoder-webm-vp8: eb34c28f22e8b96e1ab97ce403110664 -> 
  custom:video-decoder-webm-vp8: 9c59270c3fd7afecdb556c50c9e8de78 -> 
  custom:audio-decoder-ogg-vorbis: bf7c407c2cedff20999df2af8eb42d56 -> 
  custom:audio-encoder-webm-vorbis: bf7c407c2cedff20999df2af8eb42d56 -> 
========================================================================
Received Prepare
Registering precompiled user dll's ...
Registered in 0.007216 seconds.
Begin MonoManager ReloadAssembly
Native extension for WindowsStandalone target not found
Refreshing native plugins compatible for Editor in 0.41 ms, found 2 plugins.
Preloading 0 native plugins for Editor in 0.00 ms.
Mono: successfully reloaded assembly
- Completed reload, in  1.113 seconds
Domain Reload Profiling:
	ReloadAssembly (1114ms)
		BeginReloadAssembly (121ms)
			ExecutionOrderSort (0ms)
			DisableScriptedObjects (6ms)
			BackupInstance (0ms)
			ReleaseScriptingObjects (0ms)
			CreateAndSetChildDomain (34ms)
		EndReloadAssembly (928ms)
			LoadAssemblies (127ms)
			RebuildTransferFunctionScriptingTraits (0ms)
			SetupTypeCache (363ms)
			ReleaseScriptCaches (1ms)
			RebuildScriptCaches (40ms)
			SetupLoadedEditorAssemblies (305ms)
				LogAssemblyErrors (0ms)
				InitializePlatformSupportModulesInManaged (5ms)
				SetLoadedEditorAssemblies (1ms)
				RefreshPlugins (0ms)
				BeforeProcessingInitializeOnLoad (72ms)
				ProcessInitializeOnLoadAttributes (215ms)
				ProcessInitializeOnLoadMethodAttributes (10ms)
				AfterProcessingInitializeOnLoad (2ms)
				EditorAssembliesLoaded (0ms)
			ExecutionOrderSort2 (0ms)
			AwakeInstancesAfterBackupRestoration (8ms)
Platform modules already initialized, skipping
Refreshing native plugins compatible for Editor in 0.45 ms, found 2 plugins.
Preloading 0 native plugins for Editor in 0.00 ms.
Unloading 1643 Unused Serialized files (Serialized files now loaded: 0)
System memory in use before: 77.4 MB.
System memory in use after: 77.5 MB.

Unloading 18 unused Assets to reduce memory usage. Loaded Objects now: 2115.
Total: 2.782600 ms (FindLiveObjects: 0.148900 ms CreateObjectMapping: 0.070100 ms MarkObjects: 2.547000 ms  DeleteObjects: 0.015700 ms)

AssetImportParameters requested are different than current active one (requested -> active):
  custom:framework-win-MediaFoundation: 216162199b28c13a410421893ffa2e32 -> 
  custom:video-decoder-ogg-theora: a1e56fd34408186e4bbccfd4996cb3dc -> 
  custom:container-muxer-webm: aa71ff27fc2769a1b78a27578f13a17b -> 
  custom:container-demuxer-webm: 4f35f7cbe854078d1ac9338744f61a02 -> 
  custom:container-demuxer-ogg: 62fdf1f143b41e24485cea50d1cbac27 -> 
  custom:video-encoder-webm-vp8: eb34c28f22e8b96e1ab97ce403110664 -> 
  custom:video-decoder-webm-vp8: 9c59270c3fd7afecdb556c50c9e8de78 -> 
  custom:audio-decoder-ogg-vorbis: bf7c407c2cedff20999df2af8eb42d56 -> 
  custom:audio-encoder-webm-vorbis: bf7c407c2cedff20999df2af8eb42d56 -> 
========================================================================
Received Import Request.
  Time since last request: 65.631265 seconds.
  path: Assets/Scripts/Character.cs
  artifactKey: Guid(2d6ceef837f33de409df1aa4f92323f8) Importer(815301076,1909f56bfc062723c751e8b465ee728b)
Start importing Assets/Scripts/Character.cs using Guid(2d6ceef837f33de409df1aa4f92323f8) Importer(815301076,1909f56bfc062723c751e8b465ee728b)  -> (artifact id: 'fa52abe34d0aa1459b63a1d51d232f99') in 0.004936 seconds 
  Import took 0.007977 seconds .

========================================================================
Received Import Request.
  Time since last request: 32.876973 seconds.
  path: Assets/Scripts/PlayerCharacter.cs
  artifactKey: Guid(2d1619bf5348706478bb8f659764d44f) Importer(815301076,1909f56bfc062723c751e8b465ee728b)
Start importing Assets/Scripts/PlayerCharacter.cs using Guid(2d1619bf5348706478bb8f659764d44f) Importer(815301076,1909f56bfc062723c751e8b465ee728b)  -> (artifact id: '2c85abfa36069a5950b297ae4b2cd391') in 0.005681 seconds 
  Import took 0.010182 seconds .

========================================================================
Received Import Request.
  Time since last request: 30.786153 seconds.
  path: Assets/Scripts/PlayerCharacter.cs
  artifactKey: Guid(2d1619bf5348706478bb8f659764d44f) Importer(815301076,1909f56bfc062723c751e8b465ee728b)
Start importing Assets/Scripts/PlayerCharacter.cs using Guid(2d1619bf5348706478bb8f659764d44f) Importer(815301076,1909f56bfc062723c751e8b465ee728b)  -> (artifact id: 'fff04406fe0c1a987c9652a98808ec8e') in 0.003587 seconds 
  Import took 0.007492 seconds .

========================================================================
Received Import Request.
  Time since last request: 12.525125 seconds.
  path: Assets/Scripts/MouseLook.cs
  artifactKey: Guid(db8e1889f9fb0ba4e936fd335faa5a93) Importer(815301076,1909f56bfc062723c751e8b465ee728b)
Start importing Assets/Scripts/MouseLook.cs using Guid(db8e1889f9fb0ba4e936fd335faa5a93) Importer(815301076,1909f56bfc062723c751e8b465ee728b)  -> (artifact id: 'f70c9fff271462b690bcc049ccb07518') in 0.006386 seconds 
  Import took 0.010597 seconds .

========================================================================
Received Import Request.
  Time since last request: 22.427020 seconds.
  path: Assets/Scripts/MouseLook.cs
  artifactKey: Guid(db8e1889f9fb0ba4e936fd335faa5a93) Importer(815301076,1909f56bfc062723c751e8b465ee728b)
Start importing Assets/Scripts/MouseLook.cs using Guid(db8e1889f9fb0ba4e936fd335faa5a93) Importer(815301076,1909f56bfc062723c751e8b465ee728b)  -> (artifact id: '04c8f007a170943c0e0024c96a983052') in 0.003613 seconds 
  Import took 0.007553 seconds .

========================================================================
Received Import Request.
  Time since last request: 2.840016 seconds.
  path: Assets/Scripts/MouseLook.cs
  artifactKey: Guid(db8e1889f9fb0ba4e936fd335faa5a93) Importer(815301076,1909f56bfc062723c751e8b465ee728b)
Start importing Assets/Scripts/MouseLook.cs using Guid(db8e1889f9fb0ba4e936fd335faa5a93) Importer(815301076,1909f56bfc062723c751e8b465ee728b)  -> (artifact id: '0fe2e67f2a3564f9647f741b1e8674c8') in 0.004279 seconds 
  Import took 0.009227 seconds .

========================================================================
Received Import Request.
  Time since last request: 25.183952 seconds.
  path: Assets/Scripts/FireAction.cs
  artifactKey: Guid(356cc6ad1e34de84e9ebc116fd69dfff) Importer(815301076,1909f56bfc062723c751e8b465ee728b)
Start importing Assets/Scripts/FireAction.cs using Guid(356cc6ad1e34de84e9ebc116fd69dfff) Importer(815301076,1909f56bfc062723c751e8b465ee728b)  -> (artifact id: 'ea1ca59b85cd7a7bbaede606b8ba1fa8') in 0.004563 seconds 
  Import took 0.008165 seconds .

========================================================================
Received Import Request.
  Time since last request: 35.796113 seconds.
  path: Assets/Scripts/FireAction.cs
  artifactKey: Guid(356cc6ad1e34de84e9ebc116fd69dfff) Importer(815301076,1909f56bfc062723c751e8b465ee728b)
Start importing Assets/Scripts/FireAction.cs using Guid(356cc6ad1e34de84e9ebc116fd69dfff) Importer(815301076,1909f56bfc062723c751e8b465ee728b)  -> (artifact id: '43edd92c1a1e3e77703168cd32bb522f') in 0.007079 seconds 
  Import took 0.011982 seconds .

========================================================================
Received Import Request.
  Time since last request: 35.592339 seconds.
  path: Assets/Scripts/FireAction.cs
  artifactKey: Guid(356cc6ad1e34de84e9ebc116fd69dfff) Importer(815301076,1909f56bfc062723c751e8b465ee728b)
Start importing Assets/Scripts/FireAction.cs using Guid(356cc6ad1e34de84e9ebc116fd69dfff) Importer(815301076,1909f56bfc062723c751e8b465ee728b)  -> (artifact id: '74e7bb67847700f7d378d19fefb574c6') in 0.009971 seconds 
  Import took 0.016213 seconds .

========================================================================
Received Import Request.
  Time since last request: 19.480419 seconds.
  path: Assets/Scripts/RayShooter.cs
  artifactKey: Guid(9cb4c54b85d90e14ea0d4607760d349c) Importer(815301076,1909f56bfc062723c751e8b465ee728b)
Start importing Assets/Scripts/RayShooter.cs using Guid(9cb4c54b85d90e14ea0d4607760d349c) Importer(815301076,1909f56bfc062723c751e8b465ee728b)  -> (artifact id: '4ef5248ec460c27aa88b2f7e3f3da23a') in 0.002897 seconds 
  Import took 0.006731 seconds .

========================================================================
Received Import Request.
  Time since last request: 21.487097 seconds.
  path: Assets/Scripts/RayShooter.cs
  artifactKey: Guid(9cb4c54b85d90e14ea0d4607760d349c) Importer(815301076,1909f56bfc062723c751e8b465ee728b)
Start importing Assets/Scripts/RayShooter.cs using Guid(9cb4c54b85d90e14ea0d4607760d349c) Importer(815301076,1909f56bfc062723c751e8b465ee728b)  -> (artifact id: 'a45b34a64658478ce44c655652219a07') in 0.009142 seconds 
  Import took 0.014287 seconds .

========================================================================
Received Import Request.
  Time since last request: 3.997024 seconds.
  path: Assets/Scripts/RayShooter.cs
  artifactKey: Guid(9cb4c54b85d90e14ea0d4607760d349c) Importer(815301076,1909f56bfc062723c751e8b465ee728b)
Start importing Assets/Scripts/RayShooter.cs using Guid(9cb4c54b85d90e14ea0d4607760d349c) Importer(815301076,1909f56bfc062723c751e8b465ee728b)  -> (artifact id: '8ba1e8b93bfc7b543141b1d7001f0278') in 0.004465 seconds 
  Import took 0.008757 seconds .

========================================================================
Received Import Request.
  Time since last request: 2.780593 seconds.
  path: Assets/Scripts/RayShooter.cs
  artifactKey: Guid(9cb4c54b85d90e14ea0d4607760d349c) Importer(815301076,1909f56bfc062723c751e8b465ee728b)
Start importing Assets/Scripts/RayShooter.cs using Guid(9cb4c54b85d90e14ea0d4607760d349c) Importer(815301076,1909f56bfc062723c751e8b465ee728b)  -> (artifact id: '3d1ecffeae66865316416a243dc3dfc3') in 0.008148 seconds 
  Import took 0.014664 seconds .

========================================================================
Received Prepare
Registering precompiled user dll's ...
Registered in 0.005935 seconds.
Begin MonoManager ReloadAssembly
Native extension for WindowsStandalone target not found
Refreshing native plugins compatible for Editor in 0.83 ms, found 2 plugins.
Preloading 0 native plugins for Editor in 0.00 ms.
Mono: successfully reloaded assembly
- Completed reload, in  1.112 seconds
Domain Reload Profiling:
	ReloadAssembly (1113ms)
		BeginReloadAssembly (140ms)
			ExecutionOrderSort (0ms)
			DisableScriptedObjects (5ms)
			BackupInstance (0ms)
			ReleaseScriptingObjects (0ms)
			CreateAndSetChildDomain (36ms)
		EndReloadAssembly (904ms)
			LoadAssemblies (117ms)
			RebuildTransferFunctionScriptingTraits (0ms)
			SetupTypeCache (340ms)
			ReleaseScriptCaches (1ms)
			RebuildScriptCaches (41ms)
			SetupLoadedEditorAssemblies (320ms)
				LogAssemblyErrors (0ms)
				InitializePlatformSupportModulesInManaged (5ms)
				SetLoadedEditorAssemblies (1ms)
				RefreshPlugins (1ms)
				BeforeProcessingInitializeOnLoad (75ms)
				ProcessInitializeOnLoadAttributes (223ms)
				ProcessInitializeOnLoadMethodAttributes (13ms)
				AfterProcessingInitializeOnLoad (2ms)
				EditorAssembliesLoaded (0ms)
			ExecutionOrderSort2 (0ms)
			AwakeInstancesAfterBackupRestoration (8ms)
Platform modules already initialized, skipping
Refreshing native plugins compatible for Editor in 0.45 ms, found 2 plugins.
Preloading 0 native plugins for Editor in 0.00 ms.
Unloading 1647 Unused Serialized files (Serialized files now loaded: 0)
System memory in use before: 77.5 MB.
System memory in use after: 77.6 MB.

Unloading 18 unused Assets to reduce memory usage. Loaded Objects now: 2121.
Total: 3.104900 ms (FindLiveObjects: 0.157100 ms CreateObjectMapping: 0.069600 ms MarkObjects: 2.857700 ms  DeleteObjects: 0.019400 ms)

AssetImportParameters requested are different than current active one (requested -> active):
  custom:framework-win-MediaFoundation: 216162199b28c13a410421893ffa2e32 -> 
  custom:video-decoder-ogg-theora: a1e56fd34408186e4bbccfd4996cb3dc -> 
  custom:container-muxer-webm: aa71ff27fc2769a1b78a27578f13a17b -> 
  custom:container-demuxer-webm: 4f35f7cbe854078d1ac9338744f61a02 -> 
  custom:container-demuxer-ogg: 62fdf1f143b41e24485cea50d1cbac27 -> 
  custom:video-encoder-webm-vp8: eb34c28f22e8b96e1ab97ce403110664 -> 
  custom:video-decoder-webm-vp8: 9c59270c3fd7afecdb556c50c9e8de78 -> 
  custom:audio-decoder-ogg-vorbis: bf7c407c2cedff20999df2af8eb42d56 -> 
  custom:audio-encoder-webm-vorbis: bf7c407c2cedff20999df2af8eb42d56 -> 
========================================================================
Received Import Request.
  Time since last request: 194.681388 seconds.
  path: Assets/Prefabs/Player.prefab
  artifactKey: Guid(78a9a3f54635cc240997040c0c2d1aaf) Importer(815301076,1909f56bfc062723c751e8b465ee728b)
Start importing Assets/Prefabs/Player.prefab using Guid(78a9a3f54635cc240997040c0c2d1aaf) Importer(815301076,1909f56bfc062723c751e8b465ee728b)  -> (artifact id: '04d44876130d15f878c03788f83901e8') in 0.058354 seconds 
  Import took 0.062004 seconds .

========================================================================
Received Import Request.
  Time since last request: 5.077233 seconds.
  path: Assets/Prefabs/Player Character.prefab
  artifactKey: Guid(e86058611a6b99f4ea9d7543c4de8741) Importer(815301076,1909f56bfc062723c751e8b465ee728b)
Start importing Assets/Prefabs/Player Character.prefab using Guid(e86058611a6b99f4ea9d7543c4de8741) Importer(815301076,1909f56bfc062723c751e8b465ee728b)  -> (artifact id: '24188e9fd694c06d39532f30de098f1a') in 0.016349 seconds 
  Import took 0.019841 seconds .

========================================================================
Received Import Request.
  Time since last request: 2.857338 seconds.
  path: Assets/Prefabs/Player Character.prefab
  artifactKey: Guid(e86058611a6b99f4ea9d7543c4de8741) Importer(815301076,1909f56bfc062723c751e8b465ee728b)
Start importing Assets/Prefabs/Player Character.prefab using Guid(e86058611a6b99f4ea9d7543c4de8741) Importer(815301076,1909f56bfc062723c751e8b465ee728b)  -> (artifact id: '3627997dad9cc2bf27ae2b1c01bdbc61') in 0.004336 seconds 
  Import took 0.007704 seconds .

========================================================================
Received Import Request.
  Time since last request: 22.715456 seconds.
  path: Assets/Prefabs/Player Character.prefab
  artifactKey: Guid(e86058611a6b99f4ea9d7543c4de8741) Importer(815301076,1909f56bfc062723c751e8b465ee728b)
Start importing Assets/Prefabs/Player Character.prefab using Guid(e86058611a6b99f4ea9d7543c4de8741) Importer(815301076,1909f56bfc062723c751e8b465ee728b)  -> (artifact id: 'abc7c6c189de8d257b86094dabe44b14') in 0.011385 seconds 
  Import took 0.014696 seconds .

========================================================================
Received Prepare
Registering precompiled user dll's ...
Registered in 0.005486 seconds.
Begin MonoManager ReloadAssembly
Native extension for WindowsStandalone target not found
Refreshing native plugins compatible for Editor in 0.41 ms, found 2 plugins.
Preloading 0 native plugins for Editor in 0.00 ms.
Mono: successfully reloaded assembly
- Completed reload, in  1.067 seconds
Domain Reload Profiling:
	ReloadAssembly (1068ms)
		BeginReloadAssembly (136ms)
			ExecutionOrderSort (0ms)
			DisableScriptedObjects (5ms)
			BackupInstance (0ms)
			ReleaseScriptingObjects (0ms)
			CreateAndSetChildDomain (40ms)
		EndReloadAssembly (863ms)
			LoadAssemblies (112ms)
			RebuildTransferFunctionScriptingTraits (0ms)
			SetupTypeCache (320ms)
			ReleaseScriptCaches (1ms)
			RebuildScriptCaches (48ms)
			SetupLoadedEditorAssemblies (292ms)
				LogAssemblyErrors (0ms)
				InitializePlatformSupportModulesInManaged (4ms)
				SetLoadedEditorAssemblies (1ms)
				RefreshPlugins (1ms)
				BeforeProcessingInitializeOnLoad (74ms)
				ProcessInitializeOnLoadAttributes (199ms)
				ProcessInitializeOnLoadMethodAttributes (11ms)
				AfterProcessingInitializeOnLoad (2ms)
				EditorAssembliesLoaded (0ms)
			ExecutionOrderSort2 (0ms)
			AwakeInstancesAfterBackupRestoration (7ms)
Platform modules already initialized, skipping
Refreshing native plugins compatible for Editor in 0.49 ms, found 2 plugins.
Preloading 0 native plugins for Editor in 0.00 ms.
Unloading 1647 Unused Serialized files (Serialized files now loaded: 0)
System memory in use before: 77.5 MB.
System memory in use after: 77.6 MB.

Unloading 19 unused Assets to reduce memory usage. Loaded Objects now: 2124.
Total: 3.535000 ms (FindLiveObjects: 0.142400 ms CreateObjectMapping: 0.069200 ms MarkObjects: 3.264600 ms  DeleteObjects: 0.057800 ms)

AssetImportParameters requested are different than current active one (requested -> active):
  custom:framework-win-MediaFoundation: 216162199b28c13a410421893ffa2e32 -> 
  custom:video-decoder-ogg-theora: a1e56fd34408186e4bbccfd4996cb3dc -> 
  custom:container-muxer-webm: aa71ff27fc2769a1b78a27578f13a17b -> 
  custom:container-demuxer-webm: 4f35f7cbe854078d1ac9338744f61a02 -> 
  custom:container-demuxer-ogg: 62fdf1f143b41e24485cea50d1cbac27 -> 
  custom:video-encoder-webm-vp8: eb34c28f22e8b96e1ab97ce403110664 -> 
  custom:video-decoder-webm-vp8: 9c59270c3fd7afecdb556c50c9e8de78 -> 
  custom:audio-decoder-ogg-vorbis: bf7c407c2cedff20999df2af8eb42d56 -> 
  custom:audio-encoder-webm-vorbis: bf7c407c2cedff20999df2af8eb42d56 -> 
========================================================================
Received Import Request.
  Time since last request: 175.249213 seconds.
  path: Assets/Prefabs/Player Character.prefab
  artifactKey: Guid(e86058611a6b99f4ea9d7543c4de8741) Importer(815301076,1909f56bfc062723c751e8b465ee728b)
Start importing Assets/Prefabs/Player Character.prefab using Guid(e86058611a6b99f4ea9d7543c4de8741) Importer(815301076,1909f56bfc062723c751e8b465ee728b)  -> (artifact id: '336089e7b2a28f57280d2e2e0f4da89e') in 0.071947 seconds 
  Import took 0.075267 seconds .

========================================================================
Received Import Request.
  Time since last request: 87.267683 seconds.
  path: Assets/Prefabs/Player.prefab
  artifactKey: Guid(78a9a3f54635cc240997040c0c2d1aaf) Importer(815301076,1909f56bfc062723c751e8b465ee728b)
Start importing Assets/Prefabs/Player.prefab using Guid(78a9a3f54635cc240997040c0c2d1aaf) Importer(815301076,1909f56bfc062723c751e8b465ee728b)  -> (artifact id: 'f3f2bc52335cb470013e79f8b0e6cea3') in 0.008657 seconds 
  Import took 0.012666 seconds .

========================================================================
Received Import Request.
  Time since last request: 93.427089 seconds.
  path: Assets/Scenes/OfflineScene.unity
  artifactKey: Guid(3a065b72d48068f44b54ee3587004e75) Importer(815301076,1909f56bfc062723c751e8b465ee728b)
Start importing Assets/Scenes/OfflineScene.unity using Guid(3a065b72d48068f44b54ee3587004e75) Importer(815301076,1909f56bfc062723c751e8b465ee728b)  -> (artifact id: '5ec41fa17d1fc19ddda58ddad000a27e') in 0.004713 seconds 
  Import took 0.008517 seconds .

========================================================================
Received Import Request.
  Time since last request: 28.612517 seconds.
  path: Assets/Scenes/OfflineScene.unity
  artifactKey: Guid(3a065b72d48068f44b54ee3587004e75) Importer(815301076,1909f56bfc062723c751e8b465ee728b)
Start importing Assets/Scenes/OfflineScene.unity using Guid(3a065b72d48068f44b54ee3587004e75) Importer(815301076,1909f56bfc062723c751e8b465ee728b)  -> (artifact id: '5b9a0d1bf003e35f416e61542d406bdf') in 0.003703 seconds 
  Import took 0.008143 seconds .

========================================================================
Received Import Request.
  Time since last request: 3.927881 seconds.
  path: Assets/Scenes/OfflineScene 1.unity
  artifactKey: Guid(e08be14c4094cba4aa6445c1e3242391) Importer(815301076,1909f56bfc062723c751e8b465ee728b)
Start importing Assets/Scenes/OfflineScene 1.unity using Guid(e08be14c4094cba4aa6445c1e3242391) Importer(815301076,1909f56bfc062723c751e8b465ee728b)  -> (artifact id: 'dcd8dc72e249feec153616b2cd785064') in 0.013689 seconds 
  Import took 0.017172 seconds .

========================================================================
Received Import Request.
  Time since last request: 12.814442 seconds.
  path: Assets/Scenes/OnlineScene.unity
  artifactKey: Guid(e08be14c4094cba4aa6445c1e3242391) Importer(815301076,1909f56bfc062723c751e8b465ee728b)
Start importing Assets/Scenes/OnlineScene.unity using Guid(e08be14c4094cba4aa6445c1e3242391) Importer(815301076,1909f56bfc062723c751e8b465ee728b)  -> (artifact id: '7af82d51781052b537f89ab6c62a455d') in 0.004986 seconds 
  Import took 0.009953 seconds .

========================================================================
Received Import Request.
  Time since last request: 16.764417 seconds.
  path: Assets/Scenes/OnlineScene.unity
  artifactKey: Guid(e08be14c4094cba4aa6445c1e3242391) Importer(815301076,1909f56bfc062723c751e8b465ee728b)
Start importing Assets/Scenes/OnlineScene.unity using Guid(e08be14c4094cba4aa6445c1e3242391) Importer(815301076,1909f56bfc062723c751e8b465ee728b)  -> (artifact id: 'dcb713909cf2dcdaf785da2e28ad07fc') in 0.003036 seconds 
  Import took 0.007256 seconds .

========================================================================
Received Import Request.
  Time since last request: 35.653228 seconds.
  path: Assets/Scenes/OnlineScene.unity
  artifactKey: Guid(e08be14c4094cba4aa6445c1e3242391) Importer(815301076,1909f56bfc062723c751e8b465ee728b)
Start importing Assets/Scenes/OnlineScene.unity using Guid(e08be14c4094cba4aa6445c1e3242391) Importer(815301076,1909f56bfc062723c751e8b465ee728b)  -> (artifact id: 'df8242db5fcc099ae0b7cee43e885a60') in 0.005660 seconds 
  Import took 0.009440 seconds .

========================================================================
Received Import Request.
  Time since last request: 44.860959 seconds.
  path: Assets/Scenes/OfflineScene.unity
  artifactKey: Guid(3a065b72d48068f44b54ee3587004e75) Importer(815301076,1909f56bfc062723c751e8b465ee728b)
Start importing Assets/Scenes/OfflineScene.unity using Guid(3a065b72d48068f44b54ee3587004e75) Importer(815301076,1909f56bfc062723c751e8b465ee728b)  -> (artifact id: 'b1fcc3bf3acfe20b39d72628eac0451d') in 0.005279 seconds 
  Import took 0.009481 seconds .

========================================================================
Received Prepare
Registering precompiled user dll's ...
Registered in 0.006075 seconds.
Begin MonoManager ReloadAssembly
Native extension for WindowsStandalone target not found
Refreshing native plugins compatible for Editor in 0.46 ms, found 2 plugins.
Preloading 0 native plugins for Editor in 0.00 ms.
Mono: successfully reloaded assembly
- Completed reload, in  1.136 seconds
Domain Reload Profiling:
	ReloadAssembly (1136ms)
		BeginReloadAssembly (141ms)
			ExecutionOrderSort (0ms)
			DisableScriptedObjects (4ms)
			BackupInstance (0ms)
			ReleaseScriptingObjects (0ms)
			CreateAndSetChildDomain (37ms)
		EndReloadAssembly (929ms)
			LoadAssemblies (125ms)
			RebuildTransferFunctionScriptingTraits (0ms)
			SetupTypeCache (351ms)
			ReleaseScriptCaches (1ms)
			RebuildScriptCaches (48ms)
			SetupLoadedEditorAssemblies (316ms)
				LogAssemblyErrors (0ms)
				InitializePlatformSupportModulesInManaged (5ms)
				SetLoadedEditorAssemblies (1ms)
				RefreshPlugins (1ms)
				BeforeProcessingInitializeOnLoad (78ms)
				ProcessInitializeOnLoadAttributes (219ms)
				ProcessInitializeOnLoadMethodAttributes (11ms)
				AfterProcessingInitializeOnLoad (2ms)
				EditorAssembliesLoaded (0ms)
			ExecutionOrderSort2 (0ms)
			AwakeInstancesAfterBackupRestoration (7ms)
Platform modules already initialized, skipping
Refreshing native plugins compatible for Editor in 0.47 ms, found 2 plugins.
Preloading 0 native plugins for Editor in 0.00 ms.
Unloading 1647 Unused Serialized files (Serialized files now loaded: 0)
System memory in use before: 77.5 MB.
System memory in use after: 77.6 MB.

Unloading 19 unused Assets to reduce memory usage. Loaded Objects now: 2127.
Total: 2.885000 ms (FindLiveObjects: 0.157400 ms CreateObjectMapping: 0.071000 ms MarkObjects: 2.622900 ms  DeleteObjects: 0.032500 ms)

AssetImportParameters requested are different than current active one (requested -> active):
  custom:framework-win-MediaFoundation: 216162199b28c13a410421893ffa2e32 -> 
  custom:video-decoder-ogg-theora: a1e56fd34408186e4bbccfd4996cb3dc -> 
  custom:container-muxer-webm: aa71ff27fc2769a1b78a27578f13a17b -> 
  custom:container-demuxer-webm: 4f35f7cbe854078d1ac9338744f61a02 -> 
  custom:container-demuxer-ogg: 62fdf1f143b41e24485cea50d1cbac27 -> 
  custom:video-encoder-webm-vp8: eb34c28f22e8b96e1ab97ce403110664 -> 
  custom:video-decoder-webm-vp8: 9c59270c3fd7afecdb556c50c9e8de78 -> 
  custom:audio-decoder-ogg-vorbis: bf7c407c2cedff20999df2af8eb42d56 -> 
  custom:audio-encoder-webm-vorbis: bf7c407c2cedff20999df2af8eb42d56 -> 
========================================================================
Received Import Request.
  Time since last request: 31.837070 seconds.
  path: Assets/Scenes/OfflineScene.unity
  artifactKey: Guid(3a065b72d48068f44b54ee3587004e75) Importer(815301076,1909f56bfc062723c751e8b465ee728b)
Start importing Assets/Scenes/OfflineScene.unity using Guid(3a065b72d48068f44b54ee3587004e75) Importer(815301076,1909f56bfc062723c751e8b465ee728b)  -> (artifact id: '4490ffbdc155a03906baf53d5d2b7ff3') in 0.018576 seconds 
  Import took 0.022181 seconds .

========================================================================
Received Prepare
Registering precompiled user dll's ...
Registered in 0.005457 seconds.
Begin MonoManager ReloadAssembly
Native extension for WindowsStandalone target not found
Refreshing native plugins compatible for Editor in 0.41 ms, found 2 plugins.
Preloading 0 native plugins for Editor in 0.00 ms.
Mono: successfully reloaded assembly
- Completed reload, in  1.122 seconds
Domain Reload Profiling:
	ReloadAssembly (1122ms)
		BeginReloadAssembly (138ms)
			ExecutionOrderSort (0ms)
			DisableScriptedObjects (6ms)
			BackupInstance (0ms)
			ReleaseScriptingObjects (0ms)
			CreateAndSetChildDomain (45ms)
		EndReloadAssembly (924ms)
			LoadAssemblies (107ms)
			RebuildTransferFunctionScriptingTraits (0ms)
			SetupTypeCache (356ms)
			ReleaseScriptCaches (1ms)
			RebuildScriptCaches (48ms)
			SetupLoadedEditorAssemblies (319ms)
				LogAssemblyErrors (0ms)
				InitializePlatformSupportModulesInManaged (4ms)
				SetLoadedEditorAssemblies (1ms)
				RefreshPlugins (0ms)
				BeforeProcessingInitializeOnLoad (78ms)
				ProcessInitializeOnLoadAttributes (221ms)
				ProcessInitializeOnLoadMethodAttributes (11ms)
				AfterProcessingInitializeOnLoad (3ms)
				EditorAssembliesLoaded (0ms)
			ExecutionOrderSort2 (0ms)
			AwakeInstancesAfterBackupRestoration (7ms)
Platform modules already initialized, skipping
Refreshing native plugins compatible for Editor in 0.43 ms, found 2 plugins.
Preloading 0 native plugins for Editor in 0.00 ms.
Unloading 1647 Unused Serialized files (Serialized files now loaded: 0)
System memory in use before: 77.5 MB.
System memory in use after: 77.6 MB.

Unloading 18 unused Assets to reduce memory usage. Loaded Objects now: 2129.
Total: 3.385400 ms (FindLiveObjects: 0.263600 ms CreateObjectMapping: 0.127900 ms MarkObjects: 2.942300 ms  DeleteObjects: 0.050200 ms)

AssetImportParameters requested are different than current active one (requested -> active):
  custom:framework-win-MediaFoundation: 216162199b28c13a410421893ffa2e32 -> 
  custom:video-decoder-ogg-theora: a1e56fd34408186e4bbccfd4996cb3dc -> 
  custom:container-muxer-webm: aa71ff27fc2769a1b78a27578f13a17b -> 
  custom:container-demuxer-webm: 4f35f7cbe854078d1ac9338744f61a02 -> 
  custom:container-demuxer-ogg: 62fdf1f143b41e24485cea50d1cbac27 -> 
  custom:video-encoder-webm-vp8: eb34c28f22e8b96e1ab97ce403110664 -> 
  custom:video-decoder-webm-vp8: 9c59270c3fd7afecdb556c50c9e8de78 -> 
  custom:audio-decoder-ogg-vorbis: bf7c407c2cedff20999df2af8eb42d56 -> 
  custom:audio-encoder-webm-vorbis: bf7c407c2cedff20999df2af8eb42d56 -> 
========================================================================
Received Import Request.
  Time since last request: 17.833248 seconds.
  path: Assets/Scenes/SampleScene.unity
  artifactKey: Guid(9fc0d4010bbf28b4594072e72b8655ab) Importer(815301076,1909f56bfc062723c751e8b465ee728b)
Start importing Assets/Scenes/SampleScene.unity using Guid(9fc0d4010bbf28b4594072e72b8655ab) Importer(815301076,1909f56bfc062723c751e8b465ee728b)  -> (artifact id: '0ced283ec03e71b3cbefea71f29dc577') in 0.018939 seconds 
  Import took 0.022527 seconds .

========================================================================
Received Import Request.
  Time since last request: 4.470616 seconds.
  path: Assets/Scripts/PlayerCharacter.cs
  artifactKey: Guid(2d1619bf5348706478bb8f659764d44f) Importer(815301076,1909f56bfc062723c751e8b465ee728b)
Start importing Assets/Scripts/PlayerCharacter.cs using Guid(2d1619bf5348706478bb8f659764d44f) Importer(815301076,1909f56bfc062723c751e8b465ee728b)  -> (artifact id: '44b95a3f7652c0dd0475070624ce0bf1') in 0.002203 seconds 
  Import took 0.005736 seconds .

========================================================================
Received Prepare
Registering precompiled user dll's ...
Registered in 0.005255 seconds.
Begin MonoManager ReloadAssembly
Native extension for WindowsStandalone target not found
Refreshing native plugins compatible for Editor in 0.49 ms, found 2 plugins.
Preloading 0 native plugins for Editor in 0.00 ms.
Mono: successfully reloaded assembly
- Completed reload, in  1.244 seconds
Domain Reload Profiling:
	ReloadAssembly (1244ms)
		BeginReloadAssembly (127ms)
			ExecutionOrderSort (0ms)
			DisableScriptedObjects (6ms)
			BackupInstance (0ms)
			ReleaseScriptingObjects (0ms)
			CreateAndSetChildDomain (37ms)
		EndReloadAssembly (1054ms)
			LoadAssemblies (110ms)
			RebuildTransferFunctionScriptingTraits (0ms)
			SetupTypeCache (433ms)
			ReleaseScriptCaches (1ms)
			RebuildScriptCaches (40ms)
			SetupLoadedEditorAssemblies (382ms)
				LogAssemblyErrors (0ms)
				InitializePlatformSupportModulesInManaged (4ms)
				SetLoadedEditorAssemblies (1ms)
				RefreshPlugins (1ms)
				BeforeProcessingInitializeOnLoad (82ms)
				ProcessInitializeOnLoadAttributes (280ms)
				ProcessInitializeOnLoadMethodAttributes (12ms)
				AfterProcessingInitializeOnLoad (3ms)
				EditorAssembliesLoaded (0ms)
			ExecutionOrderSort2 (0ms)
			AwakeInstancesAfterBackupRestoration (8ms)
Platform modules already initialized, skipping
Refreshing native plugins compatible for Editor in 0.46 ms, found 2 plugins.
Preloading 0 native plugins for Editor in 0.00 ms.
Unloading 1647 Unused Serialized files (Serialized files now loaded: 0)
System memory in use before: 77.5 MB.
System memory in use after: 77.7 MB.

Unloading 18 unused Assets to reduce memory usage. Loaded Objects now: 2131.
Total: 3.432400 ms (FindLiveObjects: 0.142400 ms CreateObjectMapping: 0.067000 ms MarkObjects: 3.172200 ms  DeleteObjects: 0.049500 ms)

AssetImportParameters requested are different than current active one (requested -> active):
  custom:framework-win-MediaFoundation: 216162199b28c13a410421893ffa2e32 -> 
  custom:video-decoder-ogg-theora: a1e56fd34408186e4bbccfd4996cb3dc -> 
  custom:container-muxer-webm: aa71ff27fc2769a1b78a27578f13a17b -> 
  custom:container-demuxer-webm: 4f35f7cbe854078d1ac9338744f61a02 -> 
  custom:container-demuxer-ogg: 62fdf1f143b41e24485cea50d1cbac27 -> 
  custom:video-encoder-webm-vp8: eb34c28f22e8b96e1ab97ce403110664 -> 
  custom:video-decoder-webm-vp8: 9c59270c3fd7afecdb556c50c9e8de78 -> 
  custom:audio-decoder-ogg-vorbis: bf7c407c2cedff20999df2af8eb42d56 -> 
  custom:audio-encoder-webm-vorbis: bf7c407c2cedff20999df2af8eb42d56 -> 
========================================================================
Received Import Request.
  Time since last request: 156.954455 seconds.
  path: Assets/Scripts/FireAction.cs
  artifactKey: Guid(356cc6ad1e34de84e9ebc116fd69dfff) Importer(815301076,1909f56bfc062723c751e8b465ee728b)
Start importing Assets/Scripts/FireAction.cs using Guid(356cc6ad1e34de84e9ebc116fd69dfff) Importer(815301076,1909f56bfc062723c751e8b465ee728b)  -> (artifact id: '4d7a17c2669b783b39646508eba2cc9e') in 0.005505 seconds 
  Import took 0.009776 seconds .

========================================================================
Received Import Request.
  Time since last request: 1.373327 seconds.
  path: Assets/Scripts/Client.cs
  artifactKey: Guid(bacc1259f125ad646818f14c1cdf1c5c) Importer(815301076,1909f56bfc062723c751e8b465ee728b)
Start importing Assets/Scripts/Client.cs using Guid(bacc1259f125ad646818f14c1cdf1c5c) Importer(815301076,1909f56bfc062723c751e8b465ee728b)  -> (artifact id: '48a4a94ef051879d0eebfb1c08638c51') in 0.002407 seconds 
  Import took 0.005875 seconds .

========================================================================
Received Prepare
Registering precompiled user dll's ...
Registered in 0.005350 seconds.
Begin MonoManager ReloadAssembly
Native extension for WindowsStandalone target not found
Refreshing native plugins compatible for Editor in 0.43 ms, found 2 plugins.
Preloading 0 native plugins for Editor in 0.00 ms.
Mono: successfully reloaded assembly
- Completed reload, in  1.042 seconds
Domain Reload Profiling:
	ReloadAssembly (1042ms)
		BeginReloadAssembly (125ms)
			ExecutionOrderSort (0ms)
			DisableScriptedObjects (5ms)
			BackupInstance (0ms)
			ReleaseScriptingObjects (0ms)
			CreateAndSetChildDomain (35ms)
		EndReloadAssembly (853ms)
			LoadAssemblies (112ms)
			RebuildTransferFunctionScriptingTraits (0ms)
			SetupTypeCache (329ms)
			ReleaseScriptCaches (1ms)
			RebuildScriptCaches (40ms)
			SetupLoadedEditorAssemblies (289ms)
				LogAssemblyErrors (0ms)
				InitializePlatformSupportModulesInManaged (4ms)
				SetLoadedEditorAssemblies (1ms)
				RefreshPlugins (0ms)
				BeforeProcessingInitializeOnLoad (73ms)
				ProcessInitializeOnLoadAttributes (198ms)
				ProcessInitializeOnLoadMethodAttributes (10ms)
				AfterProcessingInitializeOnLoad (2ms)
				EditorAssembliesLoaded (0ms)
			ExecutionOrderSort2 (0ms)
			AwakeInstancesAfterBackupRestoration (7ms)
Platform modules already initialized, skipping
Refreshing native plugins compatible for Editor in 0.44 ms, found 2 plugins.
Preloading 0 native plugins for Editor in 0.00 ms.
Unloading 1647 Unused Serialized files (Serialized files now loaded: 0)
System memory in use before: 77.5 MB.
System memory in use after: 77.7 MB.

Unloading 18 unused Assets to reduce memory usage. Loaded Objects now: 2133.
Total: 3.023600 ms (FindLiveObjects: 0.155300 ms CreateObjectMapping: 0.065900 ms MarkObjects: 2.766600 ms  DeleteObjects: 0.034900 ms)

AssetImportParameters requested are different than current active one (requested -> active):
  custom:framework-win-MediaFoundation: 216162199b28c13a410421893ffa2e32 -> 
  custom:video-decoder-ogg-theora: a1e56fd34408186e4bbccfd4996cb3dc -> 
  custom:container-muxer-webm: aa71ff27fc2769a1b78a27578f13a17b -> 
  custom:container-demuxer-webm: 4f35f7cbe854078d1ac9338744f61a02 -> 
  custom:container-demuxer-ogg: 62fdf1f143b41e24485cea50d1cbac27 -> 
  custom:video-encoder-webm-vp8: eb34c28f22e8b96e1ab97ce403110664 -> 
  custom:video-decoder-webm-vp8: 9c59270c3fd7afecdb556c50c9e8de78 -> 
  custom:audio-decoder-ogg-vorbis: bf7c407c2cedff20999df2af8eb42d56 -> 
  custom:audio-encoder-webm-vorbis: bf7c407c2cedff20999df2af8eb42d56 -> 
========================================================================
Received Import Request.
  Time since last request: 432.137426 seconds.
  path: Assets/Scripts/Player.cs
  artifactKey: Guid(2c4db834c815d144f8fbe08b0c8531b7) Importer(815301076,1909f56bfc062723c751e8b465ee728b)
Start importing Assets/Scripts/Player.cs using Guid(2c4db834c815d144f8fbe08b0c8531b7) Importer(815301076,1909f56bfc062723c751e8b465ee728b)  -> (artifact id: 'df0b9c71ba14b7ca38349d9c7133b9f1') in 0.006493 seconds 
  Import took 0.010596 seconds .

========================================================================
Received Import Request.
  Time since last request: 2.697819 seconds.
  path: Assets/Prefabs/Player.prefab
  artifactKey: Guid(78a9a3f54635cc240997040c0c2d1aaf) Importer(815301076,1909f56bfc062723c751e8b465ee728b)
Start importing Assets/Prefabs/Player.prefab using Guid(78a9a3f54635cc240997040c0c2d1aaf) Importer(815301076,1909f56bfc062723c751e8b465ee728b)  -> (artifact id: '4c993bcdfea6bef4b1ba6a9f024b6440') in 0.029102 seconds 
  Import took 0.032471 seconds .

========================================================================
Received Import Request.
  Time since last request: 7.887681 seconds.
  path: Assets/Prefabs/Player.prefab
  artifactKey: Guid(78a9a3f54635cc240997040c0c2d1aaf) Importer(815301076,1909f56bfc062723c751e8b465ee728b)
Start importing Assets/Prefabs/Player.prefab using Guid(78a9a3f54635cc240997040c0c2d1aaf) Importer(815301076,1909f56bfc062723c751e8b465ee728b)  -> (artifact id: 'c8caaba52c24173d9bbb3a5b0659f74f') in 0.006189 seconds 
  Import took 0.010050 seconds .

========================================================================
Received Import Request.
  Time since last request: 0.970263 seconds.
  path: Assets/Prefabs/Player.prefab
  artifactKey: Guid(78a9a3f54635cc240997040c0c2d1aaf) Importer(815301076,1909f56bfc062723c751e8b465ee728b)
Start importing Assets/Prefabs/Player.prefab using Guid(78a9a3f54635cc240997040c0c2d1aaf) Importer(815301076,1909f56bfc062723c751e8b465ee728b)  -> (artifact id: '5c97d3a33efa5c5e8be91c861249a0f0') in 0.005639 seconds 
  Import took 0.009995 seconds .

========================================================================
Received Import Request.
  Time since last request: 1.617040 seconds.
  path: Assets/Prefabs/Player.prefab
  artifactKey: Guid(78a9a3f54635cc240997040c0c2d1aaf) Importer(815301076,1909f56bfc062723c751e8b465ee728b)
Start importing Assets/Prefabs/Player.prefab using Guid(78a9a3f54635cc240997040c0c2d1aaf) Importer(815301076,1909f56bfc062723c751e8b465ee728b)  -> (artifact id: '65ca8629873e6cb7f0b0448df1a6a4bf') in 0.007075 seconds 
  Import took 0.017127 seconds .

========================================================================
Received Import Request.
  Time since last request: 1.189102 seconds.
  path: Assets/Prefabs/Player.prefab
  artifactKey: Guid(78a9a3f54635cc240997040c0c2d1aaf) Importer(815301076,1909f56bfc062723c751e8b465ee728b)
Start importing Assets/Prefabs/Player.prefab using Guid(78a9a3f54635cc240997040c0c2d1aaf) Importer(815301076,1909f56bfc062723c751e8b465ee728b)  -> (artifact id: 'fe4c8fd9cd1ce371d309afcdc6646725') in 0.005490 seconds 
  Import took 0.009775 seconds .

========================================================================
Received Import Request.
  Time since last request: 4.232058 seconds.
  path: Assets/Prefabs/Player.prefab
  artifactKey: Guid(78a9a3f54635cc240997040c0c2d1aaf) Importer(815301076,1909f56bfc062723c751e8b465ee728b)
Start importing Assets/Prefabs/Player.prefab using Guid(78a9a3f54635cc240997040c0c2d1aaf) Importer(815301076,1909f56bfc062723c751e8b465ee728b)  -> (artifact id: '40b07bf230ce7b7473ec84e1b714ec2b') in 0.006712 seconds 
  Import took 0.011995 seconds .

========================================================================
Received Import Request.
  Time since last request: 1.393182 seconds.
  path: Assets/Prefabs/Player.prefab
  artifactKey: Guid(78a9a3f54635cc240997040c0c2d1aaf) Importer(815301076,1909f56bfc062723c751e8b465ee728b)
Start importing Assets/Prefabs/Player.prefab using Guid(78a9a3f54635cc240997040c0c2d1aaf) Importer(815301076,1909f56bfc062723c751e8b465ee728b)  -> (artifact id: 'd0148f92c932160ca38bb554c1df22dc') in 0.006112 seconds 
  Import took 0.010185 seconds .

========================================================================
Received Import Request.
  Time since last request: 2.411413 seconds.
  path: Assets/Prefabs/Player.prefab
  artifactKey: Guid(78a9a3f54635cc240997040c0c2d1aaf) Importer(815301076,1909f56bfc062723c751e8b465ee728b)
Start importing Assets/Prefabs/Player.prefab using Guid(78a9a3f54635cc240997040c0c2d1aaf) Importer(815301076,1909f56bfc062723c751e8b465ee728b)  -> (artifact id: '30323930b66a1f9228f32d50847e388d') in 0.008922 seconds 
  Import took 0.019725 seconds .

========================================================================
Received Import Request.
  Time since last request: 3.008588 seconds.
  path: Assets/Prefabs/Player.prefab
  artifactKey: Guid(78a9a3f54635cc240997040c0c2d1aaf) Importer(815301076,1909f56bfc062723c751e8b465ee728b)
Start importing Assets/Prefabs/Player.prefab using Guid(78a9a3f54635cc240997040c0c2d1aaf) Importer(815301076,1909f56bfc062723c751e8b465ee728b)  -> (artifact id: 'cee638634054dc0af9ab3ca1f0c30acd') in 0.006075 seconds 
  Import took 0.010495 seconds .

========================================================================
Received Import Request.
  Time since last request: 2.020267 seconds.
  path: Assets/Prefabs/Player.prefab
  artifactKey: Guid(78a9a3f54635cc240997040c0c2d1aaf) Importer(815301076,1909f56bfc062723c751e8b465ee728b)
Start importing Assets/Prefabs/Player.prefab using Guid(78a9a3f54635cc240997040c0c2d1aaf) Importer(815301076,1909f56bfc062723c751e8b465ee728b)  -> (artifact id: '5088af5f26f15a866bb9e8fa850be746') in 0.008819 seconds 
  Import took 0.013565 seconds .

========================================================================
Received Import Request.
  Time since last request: 0.785759 seconds.
  path: Assets/Prefabs/Player.prefab
  artifactKey: Guid(78a9a3f54635cc240997040c0c2d1aaf) Importer(815301076,1909f56bfc062723c751e8b465ee728b)
Start importing Assets/Prefabs/Player.prefab using Guid(78a9a3f54635cc240997040c0c2d1aaf) Importer(815301076,1909f56bfc062723c751e8b465ee728b)  -> (artifact id: '93bfda6a1b08cde98da70b667a41a3fd') in 0.006048 seconds 
  Import took 0.010036 seconds .

========================================================================
Received Import Request.
  Time since last request: 1.014858 seconds.
  path: Assets/Prefabs/Player.prefab
  artifactKey: Guid(78a9a3f54635cc240997040c0c2d1aaf) Importer(815301076,1909f56bfc062723c751e8b465ee728b)
Start importing Assets/Prefabs/Player.prefab using Guid(78a9a3f54635cc240997040c0c2d1aaf) Importer(815301076,1909f56bfc062723c751e8b465ee728b)  -> (artifact id: '643611f4f9062346c250f9253dec4641') in 0.006525 seconds 
  Import took 0.010694 seconds .

========================================================================
Received Import Request.
  Time since last request: 1.601051 seconds.
  path: Assets/Prefabs/Player.prefab
  artifactKey: Guid(78a9a3f54635cc240997040c0c2d1aaf) Importer(815301076,1909f56bfc062723c751e8b465ee728b)
Start importing Assets/Prefabs/Player.prefab using Guid(78a9a3f54635cc240997040c0c2d1aaf) Importer(815301076,1909f56bfc062723c751e8b465ee728b)  -> (artifact id: 'c00031a9431064224f47c5451e7b256e') in 0.010246 seconds 
  Import took 0.023559 seconds .

========================================================================
Received Import Request.
  Time since last request: 0.980099 seconds.
  path: Assets/Prefabs/Player.prefab
  artifactKey: Guid(78a9a3f54635cc240997040c0c2d1aaf) Importer(815301076,1909f56bfc062723c751e8b465ee728b)
Start importing Assets/Prefabs/Player.prefab using Guid(78a9a3f54635cc240997040c0c2d1aaf) Importer(815301076,1909f56bfc062723c751e8b465ee728b)  -> (artifact id: '793c2b376db41f6eeafd808f0ca944c4') in 0.005667 seconds 
  Import took 0.009337 seconds .

========================================================================
Received Import Request.
  Time since last request: 1.210838 seconds.
  path: Assets/Prefabs/Player.prefab
  artifactKey: Guid(78a9a3f54635cc240997040c0c2d1aaf) Importer(815301076,1909f56bfc062723c751e8b465ee728b)
Start importing Assets/Prefabs/Player.prefab using Guid(78a9a3f54635cc240997040c0c2d1aaf) Importer(815301076,1909f56bfc062723c751e8b465ee728b)  -> (artifact id: '6d7116ac321b197fa36f9b8a9ded3f53') in 0.007775 seconds 
  Import took 0.013008 seconds .

========================================================================
Received Import Request.
  Time since last request: 1.596991 seconds.
  path: Assets/Prefabs/Player.prefab
  artifactKey: Guid(78a9a3f54635cc240997040c0c2d1aaf) Importer(815301076,1909f56bfc062723c751e8b465ee728b)
Start importing Assets/Prefabs/Player.prefab using Guid(78a9a3f54635cc240997040c0c2d1aaf) Importer(815301076,1909f56bfc062723c751e8b465ee728b)  -> (artifact id: '5a92f688ea94a2b5d22835fcbfc2df06') in 0.005715 seconds 
  Import took 0.010058 seconds .

========================================================================
Received Prepare
Registering precompiled user dll's ...
Registered in 0.005424 seconds.
Begin MonoManager ReloadAssembly
Native extension for WindowsStandalone target not found
Refreshing native plugins compatible for Editor in 0.41 ms, found 2 plugins.
Preloading 0 native plugins for Editor in 0.00 ms.
Mono: successfully reloaded assembly
- Completed reload, in  1.116 seconds
Domain Reload Profiling:
	ReloadAssembly (1116ms)
		BeginReloadAssembly (126ms)
			ExecutionOrderSort (0ms)
			DisableScriptedObjects (5ms)
			BackupInstance (0ms)
			ReleaseScriptingObjects (0ms)
			CreateAndSetChildDomain (36ms)
		EndReloadAssembly (925ms)
			LoadAssemblies (116ms)
			RebuildTransferFunctionScriptingTraits (0ms)
			SetupTypeCache (328ms)
			ReleaseScriptCaches (1ms)
			RebuildScriptCaches (45ms)
			SetupLoadedEditorAssemblies (336ms)
				LogAssemblyErrors (0ms)
				InitializePlatformSupportModulesInManaged (5ms)
				SetLoadedEditorAssemblies (1ms)
				RefreshPlugins (0ms)
				BeforeProcessingInitializeOnLoad (82ms)
				ProcessInitializeOnLoadAttributes (234ms)
				ProcessInitializeOnLoadMethodAttributes (11ms)
				AfterProcessingInitializeOnLoad (2ms)
				EditorAssembliesLoaded (0ms)
			ExecutionOrderSort2 (0ms)
			AwakeInstancesAfterBackupRestoration (7ms)
Platform modules already initialized, skipping
Refreshing native plugins compatible for Editor in 0.43 ms, found 2 plugins.
Preloading 0 native plugins for Editor in 0.00 ms.
Unloading 1647 Unused Serialized files (Serialized files now loaded: 0)
System memory in use before: 77.6 MB.
System memory in use after: 77.7 MB.

Unloading 18 unused Assets to reduce memory usage. Loaded Objects now: 2135.
Total: 3.246300 ms (FindLiveObjects: 0.185700 ms CreateObjectMapping: 0.119300 ms MarkObjects: 2.892300 ms  DeleteObjects: 0.048100 ms)

AssetImportParameters requested are different than current active one (requested -> active):
  custom:framework-win-MediaFoundation: 216162199b28c13a410421893ffa2e32 -> 
  custom:video-decoder-ogg-theora: a1e56fd34408186e4bbccfd4996cb3dc -> 
  custom:container-muxer-webm: aa71ff27fc2769a1b78a27578f13a17b -> 
  custom:container-demuxer-webm: 4f35f7cbe854078d1ac9338744f61a02 -> 
  custom:container-demuxer-ogg: 62fdf1f143b41e24485cea50d1cbac27 -> 
  custom:video-encoder-webm-vp8: eb34c28f22e8b96e1ab97ce403110664 -> 
  custom:video-decoder-webm-vp8: 9c59270c3fd7afecdb556c50c9e8de78 -> 
  custom:audio-decoder-ogg-vorbis: bf7c407c2cedff20999df2af8eb42d56 -> 
  custom:audio-encoder-webm-vorbis: bf7c407c2cedff20999df2af8eb42d56 -> 
========================================================================
Received Prepare
Registering precompiled user dll's ...
Registered in 0.005138 seconds.
Begin MonoManager ReloadAssembly
Native extension for WindowsStandalone target not found
Refreshing native plugins compatible for Editor in 0.47 ms, found 2 plugins.
Preloading 0 native plugins for Editor in 0.00 ms.
Mono: successfully reloaded assembly
- Completed reload, in  1.047 seconds
Domain Reload Profiling:
	ReloadAssembly (1048ms)
		BeginReloadAssembly (130ms)
			ExecutionOrderSort (0ms)
			DisableScriptedObjects (5ms)
			BackupInstance (0ms)
			ReleaseScriptingObjects (0ms)
			CreateAndSetChildDomain (38ms)
		EndReloadAssembly (854ms)
			LoadAssemblies (113ms)
			RebuildTransferFunctionScriptingTraits (0ms)
			SetupTypeCache (317ms)
			ReleaseScriptCaches (1ms)
			RebuildScriptCaches (40ms)
			SetupLoadedEditorAssemblies (296ms)
				LogAssemblyErrors (0ms)
				InitializePlatformSupportModulesInManaged (4ms)
				SetLoadedEditorAssemblies (1ms)
				RefreshPlugins (1ms)
				BeforeProcessingInitializeOnLoad (74ms)
				ProcessInitializeOnLoadAttributes (203ms)
				ProcessInitializeOnLoadMethodAttributes (10ms)
				AfterProcessingInitializeOnLoad (2ms)
				EditorAssembliesLoaded (0ms)
			ExecutionOrderSort2 (0ms)
			AwakeInstancesAfterBackupRestoration (7ms)
Platform modules already initialized, skipping
Refreshing native plugins compatible for Editor in 0.44 ms, found 2 plugins.
Preloading 0 native plugins for Editor in 0.00 ms.
Unloading 1647 Unused Serialized files (Serialized files now loaded: 0)
System memory in use before: 77.6 MB.
System memory in use after: 77.7 MB.

Unloading 18 unused Assets to reduce memory usage. Loaded Objects now: 2137.
Total: 3.398100 ms (FindLiveObjects: 0.182700 ms CreateObjectMapping: 0.119800 ms MarkObjects: 3.043200 ms  DeleteObjects: 0.051600 ms)

AssetImportParameters requested are different than current active one (requested -> active):
  custom:framework-win-MediaFoundation: 216162199b28c13a410421893ffa2e32 -> 
  custom:video-decoder-ogg-theora: a1e56fd34408186e4bbccfd4996cb3dc -> 
  custom:container-muxer-webm: aa71ff27fc2769a1b78a27578f13a17b -> 
  custom:container-demuxer-webm: 4f35f7cbe854078d1ac9338744f61a02 -> 
  custom:container-demuxer-ogg: 62fdf1f143b41e24485cea50d1cbac27 -> 
  custom:video-encoder-webm-vp8: eb34c28f22e8b96e1ab97ce403110664 -> 
  custom:video-decoder-webm-vp8: 9c59270c3fd7afecdb556c50c9e8de78 -> 
  custom:audio-decoder-ogg-vorbis: bf7c407c2cedff20999df2af8eb42d56 -> 
  custom:audio-encoder-webm-vorbis: bf7c407c2cedff20999df2af8eb42d56 -> 
AssetImportWorkerClient::OnTransportError - code=2 error=End of file
